<?xml version="1.0" encoding="UTF-8"?>
<!-- Generated by org.testng.reporters.JUnitXMLReporter -->
<testsuite ignored="0" hostname="LAPTOP-L2UC04HQ" failures="0" tests="4" name="Test" time="7.93" errors="0" timestamp="08 Feb 2022 19:01:58 GMT">
  <testcase classname="lmsAPI.LMSProgDetails" name="getAllDetails" time="1.76"/>
  <testcase classname="lmsAPI.LMSProgDetails" name="createNewProgram" time="0.741"/>
  <testcase classname="lmsAPI.LMSProgDetails" name="updateProgram" time="0.38"/>
  <testcase classname="lmsAPI.LMSProgDetails" name="deleteProgram" time="0.313"/>
</testsuite> <!-- Test -->
