<?xml version="1.0" encoding="UTF-8"?>
<!-- Generated by org.testng.reporters.JUnitXMLReporter -->
<testsuite ignored="1" hostname="LAPTOP-L2UC04HQ" failures="1" tests="8" name="Test" time="5.551" errors="0" timestamp="2022-02-22T14:30:51 EST">
  <testcase classname="JobsAPI.JobsGet" name="getAllDetails" time="2.047"/>
  <testcase classname="JobsAPI.JobsPost" name="createNewJob" time="0.293"/>
  <testcase classname="JobsAPI.JobsPost" name="createNewJob" time="0.256"/>
  <testcase classname="JobsAPI.JobsPost" name="createNewJob" time="0.754">
    <failure type="java.lang.AssertionError" message="expected [200] but found [409]">
      <![CDATA[java.lang.AssertionError: expected [200] but found [409]
at JobsAPI.JobsPost.createNewJob(JobsPost.java:96)
at java.base/java.util.ArrayList.forEach(ArrayList.java:1541)
... Removed 32 stack frames]]>
    </failure>
  </testcase> <!-- createNewJob -->
  <testcase classname="JobsAPI.JobsPut" name="updateJob" time="0.226"/>
  <testcase classname="JobsAPI.JobsPut" name="updateJob" time="0.229"/>
  <testcase classname="JobsAPI.JobsDelete" name="deleteJob" time="0.189"/>
  <testcase classname="JobsAPI.JobsDelete" name="deleteJob" time="0.22"/>
  <testcase classname="JobsAPI.JobsGet" name="testJsonSchema" time="0.0">
    <ignored/>
  </testcase> <!-- testJsonSchema -->
</testsuite> <!-- Test -->
